<?xml version="1.0" encoding="UTF-8"?>
<!-- Generated by org.testng.reporters.JUnitReportReporter -->
<testsuite hostname="DESKTOP-S2OUCED" failures="0" tests="2" name="step_definations.VitaMojoAPITest" time="8.943" errors="0" timestamp="15 Jul 2023 05:55:16 GMT">
  <testcase classname="step_definations.VitaMojoAPITest" name="loginRequest" time="1.792"/>
  <testcase classname="step_definations.VitaMojoAPITest" name="signUpRequest" time="7.151"/>
</testsuite> <!-- step_definations.VitaMojoAPITest -->
