<?xml version="1.0" encoding="UTF-8"?>
<testsuite xmlns:xsi="http://www.w3.org/2001/XMLSchema-instance" xsi:noNamespaceSchemaLocation="https://maven.apache.org/surefire/maven-surefire-plugin/xsd/surefire-test-report-3.0.xsd" version="3.0" name="TestSuite" time="47.506" tests="2" errors="0" skipped="0" failures="0">
  <properties>
    <property name="sun.desktop" value="windows"/>
    <property name="awt.toolkit" value="sun.awt.windows.WToolkit"/>
    <property name="java.specification.version" value="11"/>
    <property name="webdriver.chrome.driver" value="C:\Users\LENOVO\.cache\selenium\chromedriver\win32\114.0.5735.90\chromedriver.exe"/>
    <property name="sun.cpu.isalist" value="amd64"/>
    <property name="sun.jnu.encoding" value="Cp1252"/>
    <property name="java.class.path" value="C:\Users\LENOVO\Downloads\cucumberlatestwithmaven\cucumberlatestwithmaven\SeleniumwithCucumber\target\test-classes;C:\Users\LENOVO\Downloads\cucumberlatestwithmaven\cucumberlatestwithmaven\SeleniumwithCucumber\target\classes;C:\Users\LENOVO\.m2\repository\javax\xml\bind\jaxb-api\2.3.0\jaxb-api-2.3.0.jar;C:\Users\LENOVO\.m2\repository\io\rest-assured\rest-assured\4.3.3\rest-assured-4.3.3.jar;C:\Users\LENOVO\.m2\repository\org\codehaus\groovy\groovy\3.0.7\groovy-3.0.7.jar;C:\Users\LENOVO\.m2\repository\org\codehaus\groovy\groovy-xml\3.0.7\groovy-xml-3.0.7.jar;C:\Users\LENOVO\.m2\repository\org\apache\httpcomponents\httpclient\4.5.3\httpclient-4.5.3.jar;C:\Users\LENOVO\.m2\repository\org\apache\httpcomponents\httpcore\4.4.6\httpcore-4.4.6.jar;C:\Users\LENOVO\.m2\repository\org\apache\httpcomponents\httpmime\4.5.3\httpmime-4.5.3.jar;C:\Users\LENOVO\.m2\repository\org\hamcrest\hamcrest\2.1\hamcrest-2.1.jar;C:\Users\LENOVO\.m2\repository\org\ccil\cowan\tagsoup\tagsoup\1.2.1\tagsoup-1.2.1.jar;C:\Users\LENOVO\.m2\repository\io\rest-assured\json-path\4.3.3\json-path-4.3.3.jar;C:\Users\LENOVO\.m2\repository\org\codehaus\groovy\groovy-json\3.0.7\groovy-json-3.0.7.jar;C:\Users\LENOVO\.m2\repository\io\rest-assured\rest-assured-common\4.3.3\rest-assured-common-4.3.3.jar;C:\Users\LENOVO\.m2\repository\io\rest-assured\xml-path\4.3.3\xml-path-4.3.3.jar;C:\Users\LENOVO\.m2\repository\jakarta\xml\bind\jakarta.xml.bind-api\2.3.3\jakarta.xml.bind-api-2.3.3.jar;C:\Users\LENOVO\.m2\repository\com\lmax\disruptor\3.3.7\disruptor-3.3.7.jar;C:\Users\LENOVO\.m2\repository\javax\mail\mailapi\1.4.3\mailapi-1.4.3.jar;C:\Users\LENOVO\.m2\repository\com\fasterxml\jackson\dataformat\jackson-dataformat-xml\2.10.0.pr1\jackson-dataformat-xml-2.10.0.pr1.jar;C:\Users\LENOVO\.m2\repository\com\fasterxml\jackson\module\jackson-module-jaxb-annotations\2.10.0.pr1\jackson-module-jaxb-annotations-2.10.0.pr1.jar;C:\Users\LENOVO\.m2\repository\jakarta\activation\jakarta.activation-api\1.2.1\jakarta.activation-api-1.2.1.jar;C:\Users\LENOVO\.m2\repository\org\codehaus\woodstox\stax2-api\4.2\stax2-api-4.2.jar;C:\Users\LENOVO\.m2\repository\com\fasterxml\woodstox\woodstox-core\6.0.0.pr2\woodstox-core-6.0.0.pr2.jar;C:\Users\LENOVO\.m2\repository\com\fasterxml\jackson\core\jackson-core\2.10.0.pr1\jackson-core-2.10.0.pr1.jar;C:\Users\LENOVO\.m2\repository\commons-logging\commons-logging\1.2\commons-logging-1.2.jar;C:\Users\LENOVO\.m2\repository\org\apache\commons\commons-csv\1.5\commons-csv-1.5.jar;C:\Users\LENOVO\.m2\repository\com\fasterxml\jackson\core\jackson-databind\2.10.0.pr1\jackson-databind-2.10.0.pr1.jar;C:\Users\LENOVO\.m2\repository\com\fasterxml\jackson\core\jackson-annotations\2.10.0.pr1\jackson-annotations-2.10.0.pr1.jar;C:\Users\LENOVO\.m2\repository\com\sun\xml\bind\jaxb-impl\2.3.0\jaxb-impl-2.3.0.jar;C:\Users\LENOVO\.m2\repository\com\opencsv\opencsv\3.3\opencsv-3.3.jar;C:\Users\LENOVO\.m2\repository\org\apache\commons\commons-lang3\3.3.2\commons-lang3-3.3.2.jar;C:\Users\LENOVO\.m2\repository\org\glassfish\jaxb\jaxb-runtime\2.3.0\jaxb-runtime-2.3.0.jar;C:\Users\LENOVO\.m2\repository\org\glassfish\jaxb\jaxb-core\2.3.0\jaxb-core-2.3.0.jar;C:\Users\LENOVO\.m2\repository\org\glassfish\jaxb\txw2\2.3.0\txw2-2.3.0.jar;C:\Users\LENOVO\.m2\repository\com\sun\istack\istack-commons-runtime\3.0.5\istack-commons-runtime-3.0.5.jar;C:\Users\LENOVO\.m2\repository\org\jvnet\staxex\stax-ex\1.7.8\stax-ex-1.7.8.jar;C:\Users\LENOVO\.m2\repository\com\sun\xml\fastinfoset\FastInfoset\1.2.13\FastInfoset-1.2.13.jar;C:\Users\LENOVO\.m2\repository\javax\activation\activation\1.1.1\activation-1.1.1.jar;C:\Users\LENOVO\.m2\repository\com\conversantmedia\disruptor\1.2.15\disruptor-1.2.15.jar;C:\Users\LENOVO\.m2\repository\com\fasterxml\jackson\dataformat\jackson-dataformat-yaml\2.9.8\jackson-dataformat-yaml-2.9.8.jar;C:\Users\LENOVO\.m2\repository\org\yaml\snakeyaml\1.23\snakeyaml-1.23.jar;C:\Users\LENOVO\.m2\repository\org\apache\kafka\kafka-clients\2.8.1\kafka-clients-2.8.1.jar;C:\Users\LENOVO\.m2\repository\com\github\luben\zstd-jni\1.4.9-1\zstd-jni-1.4.9-1.jar;C:\Users\LENOVO\.m2\repository\org\lz4\lz4-java\1.7.1\lz4-java-1.7.1.jar;C:\Users\LENOVO\.m2\repository\org\xerial\snappy\snappy-java\1.1.8.1\snappy-java-1.1.8.1.jar;C:\Users\LENOVO\.m2\repository\mysql\mysql-connector-java\8.0.21\mysql-connector-java-8.0.21.jar;C:\Users\LENOVO\.m2\repository\com\google\protobuf\protobuf-java\3.11.4\protobuf-java-3.11.4.jar;C:\Users\LENOVO\.m2\repository\com\microsoft\sqlserver\mssql-jdbc\8.2.2.jre13\mssql-jdbc-8.2.2.jre13.jar;C:\Users\LENOVO\.m2\repository\info\cukes\cucumber-java\1.2.5\cucumber-java-1.2.5.jar;C:\Users\LENOVO\.m2\repository\info\cukes\cucumber-core\1.2.5\cucumber-core-1.2.5.jar;C:\Users\LENOVO\.m2\repository\info\cukes\cucumber-html\0.2.3\cucumber-html-0.2.3.jar;C:\Users\LENOVO\.m2\repository\info\cukes\cucumber-jvm-deps\1.0.5\cucumber-jvm-deps-1.0.5.jar;C:\Users\LENOVO\.m2\repository\org\testng\testng\6.9.8\testng-6.9.8.jar;C:\Users\LENOVO\.m2\repository\org\beanshell\bsh\2.0b4\bsh-2.0b4.jar;C:\Users\LENOVO\.m2\repository\com\beust\jcommander\1.48\jcommander-1.48.jar;C:\Users\LENOVO\.m2\repository\info\cukes\cucumber-testng\1.2.5\cucumber-testng-1.2.5.jar;C:\Users\LENOVO\.m2\repository\info\cukes\cucumber-picocontainer\1.2.5\cucumber-picocontainer-1.2.5.jar;C:\Users\LENOVO\.m2\repository\info\cukes\gherkin\2.12.2\gherkin-2.12.2.jar;C:\Users\LENOVO\.m2\repository\org\picocontainer\picocontainer\2.15\picocontainer-2.15.jar;C:\Users\LENOVO\.m2\repository\info\cukes\cucumber-junit\1.2.5\cucumber-junit-1.2.5.jar;C:\Users\LENOVO\.m2\repository\junit\junit\4.12\junit-4.12.jar;C:\Users\LENOVO\.m2\repository\org\hamcrest\hamcrest-core\1.3\hamcrest-core-1.3.jar;C:\Users\LENOVO\.m2\repository\org\seleniumhq\selenium\selenium-java\2.53.1\selenium-java-2.53.1.jar;C:\Users\LENOVO\.m2\repository\org\seleniumhq\selenium\selenium-edge-driver\2.53.1\selenium-edge-driver-2.53.1.jar;C:\Users\LENOVO\.m2\repository\org\seleniumhq\selenium\htmlunit-driver\2.21\htmlunit-driver-2.21.jar;C:\Users\LENOVO\.m2\repository\net\sourceforge\htmlunit\htmlunit\2.21\htmlunit-2.21.jar;C:\Users\LENOVO\.m2\repository\xalan\xalan\2.7.2\xalan-2.7.2.jar;C:\Users\LENOVO\.m2\repository\xalan\serializer\2.7.2\serializer-2.7.2.jar;C:\Users\LENOVO\.m2\repository\net\sourceforge\htmlunit\htmlunit-core-js\2.17\htmlunit-core-js-2.17.jar;C:\Users\LENOVO\.m2\repository\net\sourceforge\htmlunit\neko-htmlunit\2.21\neko-htmlunit-2.21.jar;C:\Users\LENOVO\.m2\repository\xerces\xercesImpl\2.11.0\xercesImpl-2.11.0.jar;C:\Users\LENOVO\.m2\repository\net\sourceforge\cssparser\cssparser\0.9.18\cssparser-0.9.18.jar;C:\Users\LENOVO\.m2\repository\org\w3c\css\sac\1.3\sac-1.3.jar;C:\Users\LENOVO\.m2\repository\org\eclipse\jetty\websocket\websocket-client\9.2.15.v20160210\websocket-client-9.2.15.v20160210.jar;C:\Users\LENOVO\.m2\repository\org\eclipse\jetty\jetty-util\9.2.15.v20160210\jetty-util-9.2.15.v20160210.jar;C:\Users\LENOVO\.m2\repository\org\eclipse\jetty\jetty-io\9.2.15.v20160210\jetty-io-9.2.15.v20160210.jar;C:\Users\LENOVO\.m2\repository\org\eclipse\jetty\websocket\websocket-common\9.2.15.v20160210\websocket-common-9.2.15.v20160210.jar;C:\Users\LENOVO\.m2\repository\org\eclipse\jetty\websocket\websocket-api\9.2.15.v20160210\websocket-api-9.2.15.v20160210.jar;C:\Users\LENOVO\.m2\repository\commons-collections\commons-collections\3.2.2\commons-collections-3.2.2.jar;C:\Users\LENOVO\.m2\repository\org\seleniumhq\selenium\selenium-ie-driver\2.53.1\selenium-ie-driver-2.53.1.jar;C:\Users\LENOVO\.m2\repository\net\java\dev\jna\jna\4.1.0\jna-4.1.0.jar;C:\Users\LENOVO\.m2\repository\net\java\dev\jna\jna-platform\4.1.0\jna-platform-4.1.0.jar;C:\Users\LENOVO\.m2\repository\org\seleniumhq\selenium\selenium-safari-driver\2.53.1\selenium-safari-driver-2.53.1.jar;C:\Users\LENOVO\.m2\repository\io\netty\netty\3.5.7.Final\netty-3.5.7.Final.jar;C:\Users\LENOVO\.m2\repository\org\seleniumhq\selenium\selenium-leg-rc\2.53.1\selenium-leg-rc-2.53.1.jar;C:\Users\LENOVO\.m2\repository\net\masterthought\cucumber-reporting\3.8.0\cucumber-reporting-3.8.0.jar;C:\Users\LENOVO\.m2\repository\org\apache\velocity\velocity\1.7\velocity-1.7.jar;C:\Users\LENOVO\.m2\repository\commons-lang\commons-lang\2.4\commons-lang-2.4.jar;C:\Users\LENOVO\.m2\repository\velocity-tools\velocity-tools\1.4\velocity-tools-1.4.jar;C:\Users\LENOVO\.m2\repository\joda-time\joda-time\2.9.6\joda-time-2.9.6.jar;C:\Users\LENOVO\.m2\repository\net\lingala\zip4j\zip4j\1.3.2\zip4j-1.3.2.jar;C:\Users\LENOVO\.m2\repository\org\codehaus\plexus\plexus-utils\3.0.24\plexus-utils-3.0.24.jar;C:\Users\LENOVO\.m2\repository\org\jsoup\jsoup\1.10.1\jsoup-1.10.1.jar;C:\Users\LENOVO\.m2\repository\com\googlecode\owasp-java-html-sanitizer\owasp-java-html-sanitizer\20160924.1\owasp-java-html-sanitizer-20160924.1.jar;C:\Users\LENOVO\.m2\repository\org\seleniumhq\selenium\selenium-chrome-driver\3.141.59\selenium-chrome-driver-3.141.59.jar;C:\Users\LENOVO\.m2\repository\org\seleniumhq\selenium\selenium-api\3.141.59\selenium-api-3.141.59.jar;C:\Users\LENOVO\.m2\repository\org\seleniumhq\selenium\selenium-remote-driver\3.141.59\selenium-remote-driver-3.141.59.jar;C:\Users\LENOVO\.m2\repository\net\bytebuddy\byte-buddy\1.8.15\byte-buddy-1.8.15.jar;C:\Users\LENOVO\.m2\repository\org\apache\commons\commons-exec\1.3\commons-exec-1.3.jar;C:\Users\LENOVO\.m2\repository\com\squareup\okhttp3\okhttp\3.11.0\okhttp-3.11.0.jar;C:\Users\LENOVO\.m2\repository\com\squareup\okio\okio\1.14.0\okio-1.14.0.jar;C:\Users\LENOVO\.m2\repository\org\apache\logging\log4j\log4j-api\2.17.0\log4j-api-2.17.0.jar;C:\Users\LENOVO\.m2\repository\org\apache\logging\log4j\log4j-core\2.17.0\log4j-core-2.17.0.jar;C:\Users\LENOVO\.m2\repository\com\google\guava\guava\23.0\guava-23.0.jar;C:\Users\LENOVO\.m2\repository\com\google\code\findbugs\jsr305\1.3.9\jsr305-1.3.9.jar;C:\Users\LENOVO\.m2\repository\com\google\errorprone\error_prone_annotations\2.0.18\error_prone_annotations-2.0.18.jar;C:\Users\LENOVO\.m2\repository\com\google\j2objc\j2objc-annotations\1.1\j2objc-annotations-1.1.jar;C:\Users\LENOVO\.m2\repository\org\codehaus\mojo\animal-sniffer-annotations\1.14\animal-sniffer-annotations-1.14.jar;C:\Users\LENOVO\.m2\repository\org\seleniumhq\selenium\selenium-support\4.0.0\selenium-support-4.0.0.jar;C:\Users\LENOVO\.m2\repository\com\google\auto\service\auto-service-annotations\1.0\auto-service-annotations-1.0.jar;C:\Users\LENOVO\.m2\repository\com\google\auto\service\auto-service\1.0\auto-service-1.0.jar;C:\Users\LENOVO\.m2\repository\com\google\auto\auto-common\1.0\auto-common-1.0.jar;C:\Users\LENOVO\.m2\repository\org\seleniumhq\selenium\selenium-json\4.0.0\selenium-json-4.0.0.jar;C:\Users\LENOVO\.m2\repository\io\github\bonigarcia\webdrivermanager\4.3.1\webdrivermanager-4.3.1.jar;C:\Users\LENOVO\.m2\repository\com\google\code\gson\gson\2.8.6\gson-2.8.6.jar;C:\Users\LENOVO\.m2\repository\org\apache\httpcomponents\client5\httpclient5\5.0.3\httpclient5-5.0.3.jar;C:\Users\LENOVO\.m2\repository\org\apache\httpcomponents\core5\httpcore5\5.0.2\httpcore5-5.0.2.jar;C:\Users\LENOVO\.m2\repository\org\apache\httpcomponents\core5\httpcore5-h2\5.0.2\httpcore5-h2-5.0.2.jar;C:\Users\LENOVO\.m2\repository\org\rauschig\jarchivelib\1.1.0\jarchivelib-1.1.0.jar;C:\Users\LENOVO\.m2\repository\org\seleniumhq\webdriver\webdriver-support\0.9.7376\webdriver-support-0.9.7376.jar;C:\Users\LENOVO\.m2\repository\org\seleniumhq\webdriver\webdriver-common\0.9.7376\webdriver-common-0.9.7376.jar;C:\Users\LENOVO\.m2\repository\org\hamcrest\hamcrest-all\1.1\hamcrest-all-1.1.jar;C:\Users\LENOVO\.m2\repository\org\seleniumhq\selenium\selenium-firefox-driver\3.141.59\selenium-firefox-driver-3.141.59.jar;C:\Users\LENOVO\.m2\repository\com\vimalselvam\cucumber-extentsreport\3.0.2\cucumber-extentsreport-3.0.2.jar;C:\Users\LENOVO\.m2\repository\com\aventstack\extentreports\4.0.9\extentreports-4.0.9.jar;C:\Users\LENOVO\.m2\repository\org\freemarker\freemarker\2.3.23\freemarker-2.3.23.jar;C:\Users\LENOVO\.m2\repository\org\mongodb\mongodb-driver\3.3.0\mongodb-driver-3.3.0.jar;C:\Users\LENOVO\.m2\repository\org\mongodb\mongodb-driver-core\3.3.0\mongodb-driver-core-3.3.0.jar;C:\Users\LENOVO\.m2\repository\org\mongodb\bson\3.3.0\bson-3.3.0.jar;C:\Users\LENOVO\.m2\repository\org\slf4j\slf4j-api\1.7.5\slf4j-api-1.7.5.jar;C:\Users\LENOVO\.m2\repository\org\slf4j\slf4j-log4j12\1.7.5\slf4j-log4j12-1.7.5.jar;C:\Users\LENOVO\.m2\repository\log4j\log4j\1.2.17\log4j-1.2.17.jar;C:\Users\LENOVO\.m2\repository\org\docx4j\xhtmlrenderer\1.0.0\xhtmlrenderer-1.0.0.jar;C:\Users\LENOVO\.m2\repository\com\lowagie\itext\2.1.7\itext-2.1.7.jar;C:\Users\LENOVO\.m2\repository\com\github\mkolisnyk\cucumber-runner\1.0.8\cucumber-runner-1.0.8.jar;C:\Users\LENOVO\.m2\repository\com\github\mkolisnyk\cucumber-report-generator\1.0.8\cucumber-report-generator-1.0.8.jar;C:\Users\LENOVO\.m2\repository\xml-apis\xml-apis\1.4.01\xml-apis-1.4.01.jar;C:\Users\LENOVO\.m2\repository\batik\batik-transcoder\1.6-1\batik-transcoder-1.6-1.jar;C:\Users\LENOVO\.m2\repository\batik\batik-bridge\1.6-1\batik-bridge-1.6-1.jar;C:\Users\LENOVO\.m2\repository\batik\batik-gvt\1.6-1\batik-gvt-1.6-1.jar;C:\Users\LENOVO\.m2\repository\batik\batik-awt-util\1.6-1\batik-awt-util-1.6-1.jar;C:\Users\LENOVO\.m2\repository\batik\batik-util\1.6-1\batik-util-1.6-1.jar;C:\Users\LENOVO\.m2\repository\batik\batik-gui-util\1.6-1\batik-gui-util-1.6-1.jar;C:\Users\LENOVO\.m2\repository\batik\batik-ext\1.6-1\batik-ext-1.6-1.jar;C:\Users\LENOVO\.m2\repository\xml-apis\xmlParserAPIs\2.0.2\xmlParserAPIs-2.0.2.jar;C:\Users\LENOVO\.m2\repository\batik\batik-script\1.6-1\batik-script-1.6-1.jar;C:\Users\LENOVO\.m2\repository\rhino\js\1.5R4.1\js-1.5R4.1.jar;C:\Users\LENOVO\.m2\repository\batik\batik-svg-dom\1.6-1\batik-svg-dom-1.6-1.jar;C:\Users\LENOVO\.m2\repository\batik\batik-dom\1.6-1\batik-dom-1.6-1.jar;C:\Users\LENOVO\.m2\repository\batik\batik-css\1.6-1\batik-css-1.6-1.jar;C:\Users\LENOVO\.m2\repository\batik\batik-xml\1.6-1\batik-xml-1.6-1.jar;C:\Users\LENOVO\.m2\repository\batik\batik-parser\1.6-1\batik-parser-1.6-1.jar;C:\Users\LENOVO\.m2\repository\com\itextpdf\itextpdf\5.5.10\itextpdf-5.5.10.jar;C:\Users\LENOVO\.m2\repository\com\cedarsoftware\json-io\4.8.0\json-io-4.8.0.jar;C:\Users\LENOVO\.m2\repository\org\xhtmlrenderer\flying-saucer-pdf\9.0.9\flying-saucer-pdf-9.0.9.jar;C:\Users\LENOVO\.m2\repository\org\xhtmlrenderer\flying-saucer-core\9.0.9\flying-saucer-core-9.0.9.jar;C:\Users\LENOVO\.m2\repository\commons-codec\commons-codec\1.10\commons-codec-1.10.jar;C:\Users\LENOVO\.m2\repository\org\javassist\javassist\3.22.0-CR1\javassist-3.22.0-CR1.jar;C:\Users\LENOVO\.m2\repository\org\apache\maven\maven-plugin-api\2.0\maven-plugin-api-2.0.jar;C:\Users\LENOVO\.m2\repository\org\apache\maven\reporting\maven-reporting-api\2.0.8\maven-reporting-api-2.0.8.jar;C:\Users\LENOVO\.m2\repository\org\apache\maven\doxia\doxia-sink-api\1.0-alpha-9\doxia-sink-api-1.0-alpha-9.jar;C:\Users\LENOVO\.m2\repository\org\apache\maven\reporting\maven-reporting-impl\2.0.4.3\maven-reporting-impl-2.0.4.3.jar;C:\Users\LENOVO\.m2\repository\org\apache\maven\maven-project\2.0.4\maven-project-2.0.4.jar;C:\Users\LENOVO\.m2\repository\org\apache\maven\maven-settings\2.0.4\maven-settings-2.0.4.jar;C:\Users\LENOVO\.m2\repository\org\apache\maven\maven-profile\2.0.4\maven-profile-2.0.4.jar;C:\Users\LENOVO\.m2\repository\org\apache\maven\maven-model\2.0.4\maven-model-2.0.4.jar;C:\Users\LENOVO\.m2\repository\org\apache\maven\maven-artifact-manager\2.0.4\maven-artifact-manager-2.0.4.jar;C:\Users\LENOVO\.m2\repository\org\apache\maven\maven-repository-metadata\2.0.4\maven-repository-metadata-2.0.4.jar;C:\Users\LENOVO\.m2\repository\org\apache\maven\wagon\wagon-provider-api\1.0-alpha-6\wagon-provider-api-1.0-alpha-6.jar;C:\Users\LENOVO\.m2\repository\org\apache\maven\maven-artifact\2.0.4\maven-artifact-2.0.4.jar;C:\Users\LENOVO\.m2\repository\org\codehaus\plexus\plexus-container-default\1.0-alpha-9\plexus-container-default-1.0-alpha-9.jar;C:\Users\LENOVO\.m2\repository\classworlds\classworlds\1.1-alpha-2\classworlds-1.1-alpha-2.jar;C:\Users\LENOVO\.m2\repository\org\apache\maven\doxia\doxia-core\1.0\doxia-core-1.0.jar;C:\Users\LENOVO\.m2\repository\org\apache\maven\doxia\doxia-site-renderer\1.0\doxia-site-renderer-1.0.jar;C:\Users\LENOVO\.m2\repository\org\codehaus\plexus\plexus-i18n\1.0-beta-7\plexus-i18n-1.0-beta-7.jar;C:\Users\LENOVO\.m2\repository\org\codehaus\plexus\plexus-velocity\1.1.7\plexus-velocity-1.1.7.jar;C:\Users\LENOVO\.m2\repository\org\apache\maven\doxia\doxia-decoration-model\1.0\doxia-decoration-model-1.0.jar;C:\Users\LENOVO\.m2\repository\org\apache\maven\doxia\doxia-module-apt\1.0\doxia-module-apt-1.0.jar;C:\Users\LENOVO\.m2\repository\org\apache\maven\doxia\doxia-module-fml\1.0\doxia-module-fml-1.0.jar;C:\Users\LENOVO\.m2\repository\org\apache\maven\doxia\doxia-module-xdoc\1.0\doxia-module-xdoc-1.0.jar;C:\Users\LENOVO\.m2\repository\org\apache\maven\doxia\doxia-module-xhtml\1.0\doxia-module-xhtml-1.0.jar;C:\Users\LENOVO\.m2\repository\commons-validator\commons-validator\1.2.0\commons-validator-1.2.0.jar;C:\Users\LENOVO\.m2\repository\commons-beanutils\commons-beanutils\1.7.0\commons-beanutils-1.7.0.jar;C:\Users\LENOVO\.m2\repository\commons-digester\commons-digester\1.6\commons-digester-1.6.jar;C:\Users\LENOVO\.m2\repository\oro\oro\2.0.8\oro-2.0.8.jar;C:\Users\LENOVO\.m2\repository\org\apache\maven\shared\maven-doxia-tools\1.0.2\maven-doxia-tools-1.0.2.jar;C:\Users\LENOVO\.m2\repository\com\google\inject\guice\4.0\guice-4.0.jar;C:\Users\LENOVO\.m2\repository\javax\inject\javax.inject\1\javax.inject-1.jar;C:\Users\LENOVO\.m2\repository\aopalliance\aopalliance\1.0\aopalliance-1.0.jar;C:\Users\LENOVO\.m2\repository\org\uncommons\reportng\1.1.3\reportng-1.1.3.jar;C:\Users\LENOVO\.m2\repository\velocity\velocity\1.4\velocity-1.4.jar;C:\Users\LENOVO\.m2\repository\velocity\velocity-dep\1.4\velocity-dep-1.4.jar;C:\Users\LENOVO\.m2\repository\commons-io\commons-io\2.6\commons-io-2.6.jar;C:\Users\LENOVO\.m2\repository\org\apache\poi\poi\4.1.2\poi-4.1.2.jar;C:\Users\LENOVO\.m2\repository\org\apache\commons\commons-collections4\4.4\commons-collections4-4.4.jar;C:\Users\LENOVO\.m2\repository\org\apache\commons\commons-math3\3.6.1\commons-math3-3.6.1.jar;C:\Users\LENOVO\.m2\repository\com\zaxxer\SparseBitSet\1.2\SparseBitSet-1.2.jar;C:\Users\LENOVO\.m2\repository\org\apache\poi\poi-ooxml\4.1.2\poi-ooxml-4.1.2.jar;C:\Users\LENOVO\.m2\repository\org\apache\poi\poi-ooxml-schemas\4.1.2\poi-ooxml-schemas-4.1.2.jar;C:\Users\LENOVO\.m2\repository\org\apache\xmlbeans\xmlbeans\3.1.0\xmlbeans-3.1.0.jar;C:\Users\LENOVO\.m2\repository\org\apache\commons\commons-compress\1.19\commons-compress-1.19.jar;C:\Users\LENOVO\.m2\repository\com\github\virtuald\curvesapi\1.06\curvesapi-1.06.jar;C:\Users\LENOVO\.m2\repository\org\json\json\20190722\json-20190722.jar;C:\Users\LENOVO\.m2\repository\com\googlecode\json-simple\json-simple\1.1.1\json-simple-1.1.1.jar;C:\Users\LENOVO\.m2\repository\com\jayway\restassured\dist-rest-assured\2.2.0\dist-rest-assured-2.2.0.jar;C:\Users\LENOVO\.m2\repository\com\jayway\restassured\rest-assured\2.2.0\rest-assured-2.2.0.jar;C:\Users\LENOVO\.m2\repository\org\hamcrest\hamcrest-library\1.3\hamcrest-library-1.3.jar;C:\Users\LENOVO\.m2\repository\com\jayway\restassured\rest-assured-common\2.2.0\rest-assured-common-2.2.0.jar;C:\Users\LENOVO\.m2\repository\com\jayway\restassured\json-path\2.2.0\json-path-2.2.0.jar;C:\Users\LENOVO\.m2\repository\org\codehaus\jackson\jackson-core-asl\1.8.5\jackson-core-asl-1.8.5.jar;C:\Users\LENOVO\.m2\repository\org\codehaus\jackson\jackson-mapper-asl\1.8.5\jackson-mapper-asl-1.8.5.jar;C:\Users\LENOVO\.m2\repository\com\jayway\restassured\xml-path\2.2.0\xml-path-2.2.0.jar;"/>
    <property name="java.vm.vendor" value="Oracle Corporation"/>
    <property name="sun.arch.data.model" value="64"/>
    <property name="user.variant" value=""/>
    <property name="java.vendor.url" value="https://openjdk.java.net/"/>
    <property name="user.timezone" value="Asia/Calcutta"/>
    <property name="java.vm.specification.version" value="11"/>
    <property name="os.name" value="Windows 10"/>
    <property name="sun.java.launcher" value="SUN_STANDARD"/>
    <property name="user.country" value="US"/>
    <property name="sun.boot.library.path" value="C:\Program Files\Java\jdk-11.0.8\bin"/>
    <property name="sun.java.command" value="C:\Users\LENOVO\AppData\Local\Temp\surefire4844815668752971864\surefirebooter8359939565713522576.jar C:\Users\LENOVO\AppData\Local\Temp\surefire4844815668752971864 2023-07-15T11-25-03_779-jvmRun1 surefire17147738447547206312tmp surefire_017762672333030934839tmp"/>
    <property name="jdk.debug" value="release"/>
    <property name="surefire.test.class.path" value="C:\Users\LENOVO\Downloads\cucumberlatestwithmaven\cucumberlatestwithmaven\SeleniumwithCucumber\target\test-classes;C:\Users\LENOVO\Downloads\cucumberlatestwithmaven\cucumberlatestwithmaven\SeleniumwithCucumber\target\classes;C:\Users\LENOVO\.m2\repository\javax\xml\bind\jaxb-api\2.3.0\jaxb-api-2.3.0.jar;C:\Users\LENOVO\.m2\repository\io\rest-assured\rest-assured\4.3.3\rest-assured-4.3.3.jar;C:\Users\LENOVO\.m2\repository\org\codehaus\groovy\groovy\3.0.7\groovy-3.0.7.jar;C:\Users\LENOVO\.m2\repository\org\codehaus\groovy\groovy-xml\3.0.7\groovy-xml-3.0.7.jar;C:\Users\LENOVO\.m2\repository\org\apache\httpcomponents\httpclient\4.5.3\httpclient-4.5.3.jar;C:\Users\LENOVO\.m2\repository\org\apache\httpcomponents\httpcore\4.4.6\httpcore-4.4.6.jar;C:\Users\LENOVO\.m2\repository\org\apache\httpcomponents\httpmime\4.5.3\httpmime-4.5.3.jar;C:\Users\LENOVO\.m2\repository\org\hamcrest\hamcrest\2.1\hamcrest-2.1.jar;C:\Users\LENOVO\.m2\repository\org\ccil\cowan\tagsoup\tagsoup\1.2.1\tagsoup-1.2.1.jar;C:\Users\LENOVO\.m2\repository\io\rest-assured\json-path\4.3.3\json-path-4.3.3.jar;C:\Users\LENOVO\.m2\repository\org\codehaus\groovy\groovy-json\3.0.7\groovy-json-3.0.7.jar;C:\Users\LENOVO\.m2\repository\io\rest-assured\rest-assured-common\4.3.3\rest-assured-common-4.3.3.jar;C:\Users\LENOVO\.m2\repository\io\rest-assured\xml-path\4.3.3\xml-path-4.3.3.jar;C:\Users\LENOVO\.m2\repository\jakarta\xml\bind\jakarta.xml.bind-api\2.3.3\jakarta.xml.bind-api-2.3.3.jar;C:\Users\LENOVO\.m2\repository\com\lmax\disruptor\3.3.7\disruptor-3.3.7.jar;C:\Users\LENOVO\.m2\repository\javax\mail\mailapi\1.4.3\mailapi-1.4.3.jar;C:\Users\LENOVO\.m2\repository\com\fasterxml\jackson\dataformat\jackson-dataformat-xml\2.10.0.pr1\jackson-dataformat-xml-2.10.0.pr1.jar;C:\Users\LENOVO\.m2\repository\com\fasterxml\jackson\module\jackson-module-jaxb-annotations\2.10.0.pr1\jackson-module-jaxb-annotations-2.10.0.pr1.jar;C:\Users\LENOVO\.m2\repository\jakarta\activation\jakarta.activation-api\1.2.1\jakarta.activation-api-1.2.1.jar;C:\Users\LENOVO\.m2\repository\org\codehaus\woodstox\stax2-api\4.2\stax2-api-4.2.jar;C:\Users\LENOVO\.m2\repository\com\fasterxml\woodstox\woodstox-core\6.0.0.pr2\woodstox-core-6.0.0.pr2.jar;C:\Users\LENOVO\.m2\repository\com\fasterxml\jackson\core\jackson-core\2.10.0.pr1\jackson-core-2.10.0.pr1.jar;C:\Users\LENOVO\.m2\repository\commons-logging\commons-logging\1.2\commons-logging-1.2.jar;C:\Users\LENOVO\.m2\repository\org\apache\commons\commons-csv\1.5\commons-csv-1.5.jar;C:\Users\LENOVO\.m2\repository\com\fasterxml\jackson\core\jackson-databind\2.10.0.pr1\jackson-databind-2.10.0.pr1.jar;C:\Users\LENOVO\.m2\repository\com\fasterxml\jackson\core\jackson-annotations\2.10.0.pr1\jackson-annotations-2.10.0.pr1.jar;C:\Users\LENOVO\.m2\repository\com\sun\xml\bind\jaxb-impl\2.3.0\jaxb-impl-2.3.0.jar;C:\Users\LENOVO\.m2\repository\com\opencsv\opencsv\3.3\opencsv-3.3.jar;C:\Users\LENOVO\.m2\repository\org\apache\commons\commons-lang3\3.3.2\commons-lang3-3.3.2.jar;C:\Users\LENOVO\.m2\repository\org\glassfish\jaxb\jaxb-runtime\2.3.0\jaxb-runtime-2.3.0.jar;C:\Users\LENOVO\.m2\repository\org\glassfish\jaxb\jaxb-core\2.3.0\jaxb-core-2.3.0.jar;C:\Users\LENOVO\.m2\repository\org\glassfish\jaxb\txw2\2.3.0\txw2-2.3.0.jar;C:\Users\LENOVO\.m2\repository\com\sun\istack\istack-commons-runtime\3.0.5\istack-commons-runtime-3.0.5.jar;C:\Users\LENOVO\.m2\repository\org\jvnet\staxex\stax-ex\1.7.8\stax-ex-1.7.8.jar;C:\Users\LENOVO\.m2\repository\com\sun\xml\fastinfoset\FastInfoset\1.2.13\FastInfoset-1.2.13.jar;C:\Users\LENOVO\.m2\repository\javax\activation\activation\1.1.1\activation-1.1.1.jar;C:\Users\LENOVO\.m2\repository\com\conversantmedia\disruptor\1.2.15\disruptor-1.2.15.jar;C:\Users\LENOVO\.m2\repository\com\fasterxml\jackson\dataformat\jackson-dataformat-yaml\2.9.8\jackson-dataformat-yaml-2.9.8.jar;C:\Users\LENOVO\.m2\repository\org\yaml\snakeyaml\1.23\snakeyaml-1.23.jar;C:\Users\LENOVO\.m2\repository\org\apache\kafka\kafka-clients\2.8.1\kafka-clients-2.8.1.jar;C:\Users\LENOVO\.m2\repository\com\github\luben\zstd-jni\1.4.9-1\zstd-jni-1.4.9-1.jar;C:\Users\LENOVO\.m2\repository\org\lz4\lz4-java\1.7.1\lz4-java-1.7.1.jar;C:\Users\LENOVO\.m2\repository\org\xerial\snappy\snappy-java\1.1.8.1\snappy-java-1.1.8.1.jar;C:\Users\LENOVO\.m2\repository\mysql\mysql-connector-java\8.0.21\mysql-connector-java-8.0.21.jar;C:\Users\LENOVO\.m2\repository\com\google\protobuf\protobuf-java\3.11.4\protobuf-java-3.11.4.jar;C:\Users\LENOVO\.m2\repository\com\microsoft\sqlserver\mssql-jdbc\8.2.2.jre13\mssql-jdbc-8.2.2.jre13.jar;C:\Users\LENOVO\.m2\repository\info\cukes\cucumber-java\1.2.5\cucumber-java-1.2.5.jar;C:\Users\LENOVO\.m2\repository\info\cukes\cucumber-core\1.2.5\cucumber-core-1.2.5.jar;C:\Users\LENOVO\.m2\repository\info\cukes\cucumber-html\0.2.3\cucumber-html-0.2.3.jar;C:\Users\LENOVO\.m2\repository\info\cukes\cucumber-jvm-deps\1.0.5\cucumber-jvm-deps-1.0.5.jar;C:\Users\LENOVO\.m2\repository\org\testng\testng\6.9.8\testng-6.9.8.jar;C:\Users\LENOVO\.m2\repository\org\beanshell\bsh\2.0b4\bsh-2.0b4.jar;C:\Users\LENOVO\.m2\repository\com\beust\jcommander\1.48\jcommander-1.48.jar;C:\Users\LENOVO\.m2\repository\info\cukes\cucumber-testng\1.2.5\cucumber-testng-1.2.5.jar;C:\Users\LENOVO\.m2\repository\info\cukes\cucumber-picocontainer\1.2.5\cucumber-picocontainer-1.2.5.jar;C:\Users\LENOVO\.m2\repository\info\cukes\gherkin\2.12.2\gherkin-2.12.2.jar;C:\Users\LENOVO\.m2\repository\org\picocontainer\picocontainer\2.15\picocontainer-2.15.jar;C:\Users\LENOVO\.m2\repository\info\cukes\cucumber-junit\1.2.5\cucumber-junit-1.2.5.jar;C:\Users\LENOVO\.m2\repository\junit\junit\4.12\junit-4.12.jar;C:\Users\LENOVO\.m2\repository\org\hamcrest\hamcrest-core\1.3\hamcrest-core-1.3.jar;C:\Users\LENOVO\.m2\repository\org\seleniumhq\selenium\selenium-java\2.53.1\selenium-java-2.53.1.jar;C:\Users\LENOVO\.m2\repository\org\seleniumhq\selenium\selenium-edge-driver\2.53.1\selenium-edge-driver-2.53.1.jar;C:\Users\LENOVO\.m2\repository\org\seleniumhq\selenium\htmlunit-driver\2.21\htmlunit-driver-2.21.jar;C:\Users\LENOVO\.m2\repository\net\sourceforge\htmlunit\htmlunit\2.21\htmlunit-2.21.jar;C:\Users\LENOVO\.m2\repository\xalan\xalan\2.7.2\xalan-2.7.2.jar;C:\Users\LENOVO\.m2\repository\xalan\serializer\2.7.2\serializer-2.7.2.jar;C:\Users\LENOVO\.m2\repository\net\sourceforge\htmlunit\htmlunit-core-js\2.17\htmlunit-core-js-2.17.jar;C:\Users\LENOVO\.m2\repository\net\sourceforge\htmlunit\neko-htmlunit\2.21\neko-htmlunit-2.21.jar;C:\Users\LENOVO\.m2\repository\xerces\xercesImpl\2.11.0\xercesImpl-2.11.0.jar;C:\Users\LENOVO\.m2\repository\net\sourceforge\cssparser\cssparser\0.9.18\cssparser-0.9.18.jar;C:\Users\LENOVO\.m2\repository\org\w3c\css\sac\1.3\sac-1.3.jar;C:\Users\LENOVO\.m2\repository\org\eclipse\jetty\websocket\websocket-client\9.2.15.v20160210\websocket-client-9.2.15.v20160210.jar;C:\Users\LENOVO\.m2\repository\org\eclipse\jetty\jetty-util\9.2.15.v20160210\jetty-util-9.2.15.v20160210.jar;C:\Users\LENOVO\.m2\repository\org\eclipse\jetty\jetty-io\9.2.15.v20160210\jetty-io-9.2.15.v20160210.jar;C:\Users\LENOVO\.m2\repository\org\eclipse\jetty\websocket\websocket-common\9.2.15.v20160210\websocket-common-9.2.15.v20160210.jar;C:\Users\LENOVO\.m2\repository\org\eclipse\jetty\websocket\websocket-api\9.2.15.v20160210\websocket-api-9.2.15.v20160210.jar;C:\Users\LENOVO\.m2\repository\commons-collections\commons-collections\3.2.2\commons-collections-3.2.2.jar;C:\Users\LENOVO\.m2\repository\org\seleniumhq\selenium\selenium-ie-driver\2.53.1\selenium-ie-driver-2.53.1.jar;C:\Users\LENOVO\.m2\repository\net\java\dev\jna\jna\4.1.0\jna-4.1.0.jar;C:\Users\LENOVO\.m2\repository\net\java\dev\jna\jna-platform\4.1.0\jna-platform-4.1.0.jar;C:\Users\LENOVO\.m2\repository\org\seleniumhq\selenium\selenium-safari-driver\2.53.1\selenium-safari-driver-2.53.1.jar;C:\Users\LENOVO\.m2\repository\io\netty\netty\3.5.7.Final\netty-3.5.7.Final.jar;C:\Users\LENOVO\.m2\repository\org\seleniumhq\selenium\selenium-leg-rc\2.53.1\selenium-leg-rc-2.53.1.jar;C:\Users\LENOVO\.m2\repository\net\masterthought\cucumber-reporting\3.8.0\cucumber-reporting-3.8.0.jar;C:\Users\LENOVO\.m2\repository\org\apache\velocity\velocity\1.7\velocity-1.7.jar;C:\Users\LENOVO\.m2\repository\commons-lang\commons-lang\2.4\commons-lang-2.4.jar;C:\Users\LENOVO\.m2\repository\velocity-tools\velocity-tools\1.4\velocity-tools-1.4.jar;C:\Users\LENOVO\.m2\repository\joda-time\joda-time\2.9.6\joda-time-2.9.6.jar;C:\Users\LENOVO\.m2\repository\net\lingala\zip4j\zip4j\1.3.2\zip4j-1.3.2.jar;C:\Users\LENOVO\.m2\repository\org\codehaus\plexus\plexus-utils\3.0.24\plexus-utils-3.0.24.jar;C:\Users\LENOVO\.m2\repository\org\jsoup\jsoup\1.10.1\jsoup-1.10.1.jar;C:\Users\LENOVO\.m2\repository\com\googlecode\owasp-java-html-sanitizer\owasp-java-html-sanitizer\20160924.1\owasp-java-html-sanitizer-20160924.1.jar;C:\Users\LENOVO\.m2\repository\org\seleniumhq\selenium\selenium-chrome-driver\3.141.59\selenium-chrome-driver-3.141.59.jar;C:\Users\LENOVO\.m2\repository\org\seleniumhq\selenium\selenium-api\3.141.59\selenium-api-3.141.59.jar;C:\Users\LENOVO\.m2\repository\org\seleniumhq\selenium\selenium-remote-driver\3.141.59\selenium-remote-driver-3.141.59.jar;C:\Users\LENOVO\.m2\repository\net\bytebuddy\byte-buddy\1.8.15\byte-buddy-1.8.15.jar;C:\Users\LENOVO\.m2\repository\org\apache\commons\commons-exec\1.3\commons-exec-1.3.jar;C:\Users\LENOVO\.m2\repository\com\squareup\okhttp3\okhttp\3.11.0\okhttp-3.11.0.jar;C:\Users\LENOVO\.m2\repository\com\squareup\okio\okio\1.14.0\okio-1.14.0.jar;C:\Users\LENOVO\.m2\repository\org\apache\logging\log4j\log4j-api\2.17.0\log4j-api-2.17.0.jar;C:\Users\LENOVO\.m2\repository\org\apache\logging\log4j\log4j-core\2.17.0\log4j-core-2.17.0.jar;C:\Users\LENOVO\.m2\repository\com\google\guava\guava\23.0\guava-23.0.jar;C:\Users\LENOVO\.m2\repository\com\google\code\findbugs\jsr305\1.3.9\jsr305-1.3.9.jar;C:\Users\LENOVO\.m2\repository\com\google\errorprone\error_prone_annotations\2.0.18\error_prone_annotations-2.0.18.jar;C:\Users\LENOVO\.m2\repository\com\google\j2objc\j2objc-annotations\1.1\j2objc-annotations-1.1.jar;C:\Users\LENOVO\.m2\repository\org\codehaus\mojo\animal-sniffer-annotations\1.14\animal-sniffer-annotations-1.14.jar;C:\Users\LENOVO\.m2\repository\org\seleniumhq\selenium\selenium-support\4.0.0\selenium-support-4.0.0.jar;C:\Users\LENOVO\.m2\repository\com\google\auto\service\auto-service-annotations\1.0\auto-service-annotations-1.0.jar;C:\Users\LENOVO\.m2\repository\com\google\auto\service\auto-service\1.0\auto-service-1.0.jar;C:\Users\LENOVO\.m2\repository\com\google\auto\auto-common\1.0\auto-common-1.0.jar;C:\Users\LENOVO\.m2\repository\org\seleniumhq\selenium\selenium-json\4.0.0\selenium-json-4.0.0.jar;C:\Users\LENOVO\.m2\repository\io\github\bonigarcia\webdrivermanager\4.3.1\webdrivermanager-4.3.1.jar;C:\Users\LENOVO\.m2\repository\com\google\code\gson\gson\2.8.6\gson-2.8.6.jar;C:\Users\LENOVO\.m2\repository\org\apache\httpcomponents\client5\httpclient5\5.0.3\httpclient5-5.0.3.jar;C:\Users\LENOVO\.m2\repository\org\apache\httpcomponents\core5\httpcore5\5.0.2\httpcore5-5.0.2.jar;C:\Users\LENOVO\.m2\repository\org\apache\httpcomponents\core5\httpcore5-h2\5.0.2\httpcore5-h2-5.0.2.jar;C:\Users\LENOVO\.m2\repository\org\rauschig\jarchivelib\1.1.0\jarchivelib-1.1.0.jar;C:\Users\LENOVO\.m2\repository\org\seleniumhq\webdriver\webdriver-support\0.9.7376\webdriver-support-0.9.7376.jar;C:\Users\LENOVO\.m2\repository\org\seleniumhq\webdriver\webdriver-common\0.9.7376\webdriver-common-0.9.7376.jar;C:\Users\LENOVO\.m2\repository\org\hamcrest\hamcrest-all\1.1\hamcrest-all-1.1.jar;C:\Users\LENOVO\.m2\repository\org\seleniumhq\selenium\selenium-firefox-driver\3.141.59\selenium-firefox-driver-3.141.59.jar;C:\Users\LENOVO\.m2\repository\com\vimalselvam\cucumber-extentsreport\3.0.2\cucumber-extentsreport-3.0.2.jar;C:\Users\LENOVO\.m2\repository\com\aventstack\extentreports\4.0.9\extentreports-4.0.9.jar;C:\Users\LENOVO\.m2\repository\org\freemarker\freemarker\2.3.23\freemarker-2.3.23.jar;C:\Users\LENOVO\.m2\repository\org\mongodb\mongodb-driver\3.3.0\mongodb-driver-3.3.0.jar;C:\Users\LENOVO\.m2\repository\org\mongodb\mongodb-driver-core\3.3.0\mongodb-driver-core-3.3.0.jar;C:\Users\LENOVO\.m2\repository\org\mongodb\bson\3.3.0\bson-3.3.0.jar;C:\Users\LENOVO\.m2\repository\org\slf4j\slf4j-api\1.7.5\slf4j-api-1.7.5.jar;C:\Users\LENOVO\.m2\repository\org\slf4j\slf4j-log4j12\1.7.5\slf4j-log4j12-1.7.5.jar;C:\Users\LENOVO\.m2\repository\log4j\log4j\1.2.17\log4j-1.2.17.jar;C:\Users\LENOVO\.m2\repository\org\docx4j\xhtmlrenderer\1.0.0\xhtmlrenderer-1.0.0.jar;C:\Users\LENOVO\.m2\repository\com\lowagie\itext\2.1.7\itext-2.1.7.jar;C:\Users\LENOVO\.m2\repository\com\github\mkolisnyk\cucumber-runner\1.0.8\cucumber-runner-1.0.8.jar;C:\Users\LENOVO\.m2\repository\com\github\mkolisnyk\cucumber-report-generator\1.0.8\cucumber-report-generator-1.0.8.jar;C:\Users\LENOVO\.m2\repository\xml-apis\xml-apis\1.4.01\xml-apis-1.4.01.jar;C:\Users\LENOVO\.m2\repository\batik\batik-transcoder\1.6-1\batik-transcoder-1.6-1.jar;C:\Users\LENOVO\.m2\repository\batik\batik-bridge\1.6-1\batik-bridge-1.6-1.jar;C:\Users\LENOVO\.m2\repository\batik\batik-gvt\1.6-1\batik-gvt-1.6-1.jar;C:\Users\LENOVO\.m2\repository\batik\batik-awt-util\1.6-1\batik-awt-util-1.6-1.jar;C:\Users\LENOVO\.m2\repository\batik\batik-util\1.6-1\batik-util-1.6-1.jar;C:\Users\LENOVO\.m2\repository\batik\batik-gui-util\1.6-1\batik-gui-util-1.6-1.jar;C:\Users\LENOVO\.m2\repository\batik\batik-ext\1.6-1\batik-ext-1.6-1.jar;C:\Users\LENOVO\.m2\repository\xml-apis\xmlParserAPIs\2.0.2\xmlParserAPIs-2.0.2.jar;C:\Users\LENOVO\.m2\repository\batik\batik-script\1.6-1\batik-script-1.6-1.jar;C:\Users\LENOVO\.m2\repository\rhino\js\1.5R4.1\js-1.5R4.1.jar;C:\Users\LENOVO\.m2\repository\batik\batik-svg-dom\1.6-1\batik-svg-dom-1.6-1.jar;C:\Users\LENOVO\.m2\repository\batik\batik-dom\1.6-1\batik-dom-1.6-1.jar;C:\Users\LENOVO\.m2\repository\batik\batik-css\1.6-1\batik-css-1.6-1.jar;C:\Users\LENOVO\.m2\repository\batik\batik-xml\1.6-1\batik-xml-1.6-1.jar;C:\Users\LENOVO\.m2\repository\batik\batik-parser\1.6-1\batik-parser-1.6-1.jar;C:\Users\LENOVO\.m2\repository\com\itextpdf\itextpdf\5.5.10\itextpdf-5.5.10.jar;C:\Users\LENOVO\.m2\repository\com\cedarsoftware\json-io\4.8.0\json-io-4.8.0.jar;C:\Users\LENOVO\.m2\repository\org\xhtmlrenderer\flying-saucer-pdf\9.0.9\flying-saucer-pdf-9.0.9.jar;C:\Users\LENOVO\.m2\repository\org\xhtmlrenderer\flying-saucer-core\9.0.9\flying-saucer-core-9.0.9.jar;C:\Users\LENOVO\.m2\repository\commons-codec\commons-codec\1.10\commons-codec-1.10.jar;C:\Users\LENOVO\.m2\repository\org\javassist\javassist\3.22.0-CR1\javassist-3.22.0-CR1.jar;C:\Users\LENOVO\.m2\repository\org\apache\maven\maven-plugin-api\2.0\maven-plugin-api-2.0.jar;C:\Users\LENOVO\.m2\repository\org\apache\maven\reporting\maven-reporting-api\2.0.8\maven-reporting-api-2.0.8.jar;C:\Users\LENOVO\.m2\repository\org\apache\maven\doxia\doxia-sink-api\1.0-alpha-9\doxia-sink-api-1.0-alpha-9.jar;C:\Users\LENOVO\.m2\repository\org\apache\maven\reporting\maven-reporting-impl\2.0.4.3\maven-reporting-impl-2.0.4.3.jar;C:\Users\LENOVO\.m2\repository\org\apache\maven\maven-project\2.0.4\maven-project-2.0.4.jar;C:\Users\LENOVO\.m2\repository\org\apache\maven\maven-settings\2.0.4\maven-settings-2.0.4.jar;C:\Users\LENOVO\.m2\repository\org\apache\maven\maven-profile\2.0.4\maven-profile-2.0.4.jar;C:\Users\LENOVO\.m2\repository\org\apache\maven\maven-model\2.0.4\maven-model-2.0.4.jar;C:\Users\LENOVO\.m2\repository\org\apache\maven\maven-artifact-manager\2.0.4\maven-artifact-manager-2.0.4.jar;C:\Users\LENOVO\.m2\repository\org\apache\maven\maven-repository-metadata\2.0.4\maven-repository-metadata-2.0.4.jar;C:\Users\LENOVO\.m2\repository\org\apache\maven\wagon\wagon-provider-api\1.0-alpha-6\wagon-provider-api-1.0-alpha-6.jar;C:\Users\LENOVO\.m2\repository\org\apache\maven\maven-artifact\2.0.4\maven-artifact-2.0.4.jar;C:\Users\LENOVO\.m2\repository\org\codehaus\plexus\plexus-container-default\1.0-alpha-9\plexus-container-default-1.0-alpha-9.jar;C:\Users\LENOVO\.m2\repository\classworlds\classworlds\1.1-alpha-2\classworlds-1.1-alpha-2.jar;C:\Users\LENOVO\.m2\repository\org\apache\maven\doxia\doxia-core\1.0\doxia-core-1.0.jar;C:\Users\LENOVO\.m2\repository\org\apache\maven\doxia\doxia-site-renderer\1.0\doxia-site-renderer-1.0.jar;C:\Users\LENOVO\.m2\repository\org\codehaus\plexus\plexus-i18n\1.0-beta-7\plexus-i18n-1.0-beta-7.jar;C:\Users\LENOVO\.m2\repository\org\codehaus\plexus\plexus-velocity\1.1.7\plexus-velocity-1.1.7.jar;C:\Users\LENOVO\.m2\repository\org\apache\maven\doxia\doxia-decoration-model\1.0\doxia-decoration-model-1.0.jar;C:\Users\LENOVO\.m2\repository\org\apache\maven\doxia\doxia-module-apt\1.0\doxia-module-apt-1.0.jar;C:\Users\LENOVO\.m2\repository\org\apache\maven\doxia\doxia-module-fml\1.0\doxia-module-fml-1.0.jar;C:\Users\LENOVO\.m2\repository\org\apache\maven\doxia\doxia-module-xdoc\1.0\doxia-module-xdoc-1.0.jar;C:\Users\LENOVO\.m2\repository\org\apache\maven\doxia\doxia-module-xhtml\1.0\doxia-module-xhtml-1.0.jar;C:\Users\LENOVO\.m2\repository\commons-validator\commons-validator\1.2.0\commons-validator-1.2.0.jar;C:\Users\LENOVO\.m2\repository\commons-beanutils\commons-beanutils\1.7.0\commons-beanutils-1.7.0.jar;C:\Users\LENOVO\.m2\repository\commons-digester\commons-digester\1.6\commons-digester-1.6.jar;C:\Users\LENOVO\.m2\repository\oro\oro\2.0.8\oro-2.0.8.jar;C:\Users\LENOVO\.m2\repository\org\apache\maven\shared\maven-doxia-tools\1.0.2\maven-doxia-tools-1.0.2.jar;C:\Users\LENOVO\.m2\repository\com\google\inject\guice\4.0\guice-4.0.jar;C:\Users\LENOVO\.m2\repository\javax\inject\javax.inject\1\javax.inject-1.jar;C:\Users\LENOVO\.m2\repository\aopalliance\aopalliance\1.0\aopalliance-1.0.jar;C:\Users\LENOVO\.m2\repository\org\uncommons\reportng\1.1.3\reportng-1.1.3.jar;C:\Users\LENOVO\.m2\repository\velocity\velocity\1.4\velocity-1.4.jar;C:\Users\LENOVO\.m2\repository\velocity\velocity-dep\1.4\velocity-dep-1.4.jar;C:\Users\LENOVO\.m2\repository\commons-io\commons-io\2.6\commons-io-2.6.jar;C:\Users\LENOVO\.m2\repository\org\apache\poi\poi\4.1.2\poi-4.1.2.jar;C:\Users\LENOVO\.m2\repository\org\apache\commons\commons-collections4\4.4\commons-collections4-4.4.jar;C:\Users\LENOVO\.m2\repository\org\apache\commons\commons-math3\3.6.1\commons-math3-3.6.1.jar;C:\Users\LENOVO\.m2\repository\com\zaxxer\SparseBitSet\1.2\SparseBitSet-1.2.jar;C:\Users\LENOVO\.m2\repository\org\apache\poi\poi-ooxml\4.1.2\poi-ooxml-4.1.2.jar;C:\Users\LENOVO\.m2\repository\org\apache\poi\poi-ooxml-schemas\4.1.2\poi-ooxml-schemas-4.1.2.jar;C:\Users\LENOVO\.m2\repository\org\apache\xmlbeans\xmlbeans\3.1.0\xmlbeans-3.1.0.jar;C:\Users\LENOVO\.m2\repository\org\apache\commons\commons-compress\1.19\commons-compress-1.19.jar;C:\Users\LENOVO\.m2\repository\com\github\virtuald\curvesapi\1.06\curvesapi-1.06.jar;C:\Users\LENOVO\.m2\repository\org\json\json\20190722\json-20190722.jar;C:\Users\LENOVO\.m2\repository\com\googlecode\json-simple\json-simple\1.1.1\json-simple-1.1.1.jar;C:\Users\LENOVO\.m2\repository\com\jayway\restassured\dist-rest-assured\2.2.0\dist-rest-assured-2.2.0.jar;C:\Users\LENOVO\.m2\repository\com\jayway\restassured\rest-assured\2.2.0\rest-assured-2.2.0.jar;C:\Users\LENOVO\.m2\repository\org\hamcrest\hamcrest-library\1.3\hamcrest-library-1.3.jar;C:\Users\LENOVO\.m2\repository\com\jayway\restassured\rest-assured-common\2.2.0\rest-assured-common-2.2.0.jar;C:\Users\LENOVO\.m2\repository\com\jayway\restassured\json-path\2.2.0\json-path-2.2.0.jar;C:\Users\LENOVO\.m2\repository\org\codehaus\jackson\jackson-core-asl\1.8.5\jackson-core-asl-1.8.5.jar;C:\Users\LENOVO\.m2\repository\org\codehaus\jackson\jackson-mapper-asl\1.8.5\jackson-mapper-asl-1.8.5.jar;C:\Users\LENOVO\.m2\repository\com\jayway\restassured\xml-path\2.2.0\xml-path-2.2.0.jar;"/>
    <property name="sun.cpu.endian" value="little"/>
    <property name="user.home" value="C:\Users\LENOVO"/>
    <property name="user.language" value="en"/>
    <property name="java.specification.vendor" value="Oracle Corporation"/>
    <property name="java.version.date" value="2020-07-14"/>
    <property name="java.home" value="C:\Program Files\Java\jdk-11.0.8"/>
    <property name="file.separator" value="\"/>
    <property name="basedir" value="C:\Users\LENOVO\Downloads\cucumberlatestwithmaven\cucumberlatestwithmaven\SeleniumwithCucumber"/>
    <property name="java.vm.compressedOopsMode" value="32-bit"/>
    <property name="line.separator" value="&#10;"/>
    <property name="java.specification.name" value="Java Platform API Specification"/>
    <property name="java.vm.specification.vendor" value="Oracle Corporation"/>
    <property name="java.awt.graphicsenv" value="sun.awt.Win32GraphicsEnvironment"/>
    <property name="surefire.real.class.path" value="C:\Users\LENOVO\AppData\Local\Temp\surefire4844815668752971864\surefirebooter8359939565713522576.jar"/>
    <property name="user.script" value=""/>
    <property name="sun.management.compiler" value="HotSpot 64-Bit Tiered Compilers"/>
    <property name="java.runtime.version" value="11.0.8+10-LTS"/>
    <property name="user.name" value="LENOVO"/>
    <property name="path.separator" value=";"/>
    <property name="os.version" value="10.0"/>
    <property name="java.runtime.name" value="Java(TM) SE Runtime Environment"/>
    <property name="file.encoding" value="Cp1252"/>
    <property name="java.vm.name" value="Java HotSpot(TM) 64-Bit Server VM"/>
    <property name="java.vendor.version" value="18.9"/>
    <property name="localRepository" value="C:\Users\LENOVO\.m2\repository"/>
    <property name="java.vendor.url.bug" value="https://bugreport.java.com/bugreport/"/>
    <property name="java.io.tmpdir" value="C:\Users\LENOVO\AppData\Local\Temp\"/>
    <property name="java.version" value="11.0.8"/>
    <property name="user.dir" value="C:\Users\LENOVO\Downloads\cucumberlatestwithmaven\cucumberlatestwithmaven\SeleniumwithCucumber"/>
    <property name="os.arch" value="amd64"/>
    <property name="java.vm.specification.name" value="Java Virtual Machine Specification"/>
    <property name="java.awt.printerjob" value="sun.awt.windows.WPrinterJob"/>
    <property name="sun.os.patch.level" value=""/>
    <property name="java.library.path" value="C:\Program Files\Java\jdk-11.0.8\bin;C:\WINDOWS\Sun\Java\bin;C:\WINDOWS\system32;C:\WINDOWS;C:\WINDOWS\system32;C:\WINDOWS;C:\WINDOWS\System32\Wbem;C:\WINDOWS\System32\WindowsPowerShell\v1.0\;C:\WINDOWS\System32\OpenSSH\;C:\Program Files\Git\cmd;C:\Program Files\nodejs\;E:\apache-maven-3.6.3-bin\apache-maven-3.6.3\bin;C:\Program Files\Java\jdk-11.0.8\bin;C:\Users\LENOVO\AppData\Local\Microsoft\WindowsApps;C:\Users\LENOVO\AppData\Roaming\npm;."/>
    <property name="java.vendor" value="Oracle Corporation"/>
    <property name="java.vm.info" value="mixed mode"/>
    <property name="java.vm.version" value="11.0.8+10-LTS"/>
    <property name="sun.io.unicode.encoding" value="UnicodeLittle"/>
    <property name="java.class.version" value="55.0"/>
  </properties>
  <testcase name="signUpRequest" classname="step_definations.VitaMojoAPITest" time="7.419">
    <system-out><![CDATA[Response Body{"payload":{"token":{"value":"eyJhbGciOiJSUzI1NiIsInR5cCI6IkpXVCJ9.eyJ1c2VyIjp7InV1aWQiOiJmNWUyNjdmYS1jYzdlLTQwNmUtOTczNC1lNTA2Y2VmYjRjNjYiLCJzdG9yZVVVSUQiOiJjZWQ0ODkxNy01NGMyLTQwYWQtYTY0Ni01MzE1ZjVkY2IyOGYiLCJ0ZW5hbnRVVUlEIjoiNjk1YTE0ODYtODBlNy00ZWU2LWJjNTUtZjQ5MTE5NDRlZjJhIiwiZW1haWwiOiJzZWxlbml1bS5zcnRlc3RlcmpKQGdtYWlsLmNvbSIsImFjdGl2ZSI6dHJ1ZSwiY3JlYXRlZEF0IjoiMjAyMy0wNy0xNVQwNTo1NToxMy4wMDBaIiwidXBkYXRlZEF0IjpudWxsLCJyb2xlIjp7InV1aWQiOiIyMDI1ZWUyMy1kNzI0LTRmMmEtYTBhYy03MGE4OTRmZTNmZTgiLCJyYW5rIjo5OSwic2x1ZyI6ImN1c3RvbWVyIiwiZGlzcGxheU5hbWUiOiJDdXN0b21lciIsImRlc2NyaXB0aW9uIjoiT25saW5lIEN1c3RvbWVyIiwicGVybWlzc2lvbnMiOlsiY2FuLmFjY2Vzcy50aWxsTGF5b3V0Il19LCJwcm9maWxlIjp7ImZpcnN0TmFtZSI6IkdhdXJhdiIsInBob25lIjpudWxsLCJhaXJzaGlwQ29udGFjdElEIjpudWxsLCJhY3Rlb2xNZW1iZXJOdW1iZXIiOm51bGwsImFjdGVvbEN0Y0lkIjpudWxsLCJtZW1iZXJOdW1iZXIiOm51bGwsImlzQ29uZmlybWVkIjpmYWxzZSwiaW52b2ljZVBheW1lbnQiOmZhbHNlLCJwdXNoTm90aWZpY2F0aW9uRW5hYmxlZCI6ZmFsc2UsInB1c2hOb3RpZmljYXRpb25Ub2tlbiI6bnVsbH0sImFsbG93ZWRTdG9yZXMiOltdLCJsb2NhbGUiOiJlbi1HQiIsImhhc0xpbmtlZENvbW9BY2NvdW50IjpmYWxzZSwiaW50ZWdyYXRpb25zIjp7fX0sImlhdCI6MTY4OTQwMDUxMywiZXhwIjoxNjg5NDAxMTEzfQ.s2Q4ENwBlqnYs0DQJQ8rgKWYs604kIZpK4KyN6bvV_EZfimd-3CA4F2-pYoOgTmpBUSGHeqIwSu3xHPqyaFNJjFqAmiXCk83ksixSsQam3GYfLX2-vifFtXhW3Yvpg8zjuP3dhH8qK2vXxLGVj8C7qXnjL9yUdaJfWo1hoOd1UhFAGDmpThP2ZCDF-Vb48rt8EsP0-wzaoOIj1W9xwt02-xCtdu2xeFmO6DcUHSMNFq6CXOTnrCouLw7UrInP6xySZN2OMlL8GEVce0sxvmEP61vU7ITWqhD9__wRcwWydlOfmuo8TQbG9FpvQtx-xrhIL1tCevWZTCZS1amifYW-g","refresh":"RozT-sBFRjdegdHyOB9GAR1DHrT2-rb--tkM3EAHTZTgD8qZvWgmklMTch5Si0W3-VS0g7aXERNXWAfPw9q2VTikQ5TsXICwpIOCE3feUT7WcAviEhH3DpA-pqv9JaEikg6Ar1tPiHD55YJ2bIbKSnU_Bb9K8JNtBYfc7gn9HG3b9FMvCUBv2SYvyvkQuum4Gh6c40gT"},"user":{"uuid":"f5e267fa-cc7e-406e-9734-e506cefb4c66","storeUUID":"ced48917-54c2-40ad-a646-5315f5dcb28f","tenantUUID":"695a1486-80e7-4ee6-bc55-f4911944ef2a","email":"selenium.srtesterjJ@gmail.com","active":true,"createdAt":"2023-07-15T05:55:13.000Z","updatedAt":null,"role":{"uuid":"2025ee23-d724-4f2a-a0ac-70a894fe3fe8","rank":99,"slug":"customer","displayName":"Customer","description":"Online Customer","permissions":["can.access.tillLayout"]},"profile":{"firstName":"Gaurav","phone":null,"airshipContactID":null,"acteolMemberNumber":null,"acteolCtcId":null,"memberNumber":null,"isConfirmed":false,"invoicePayment":false,"pushNotificationEnabled":false,"pushNotificationToken":null},"allowedStores":[],"locale":"en-GB","hasLinkedComoAccount":false,"integrations":{}}}}
Response Code201
]]></system-out>
    <system-err><![CDATA[log4j:WARN No appenders could be found for logger (org.apache.http.impl.conn.BasicClientConnectionManager).
log4j:WARN Please initialize the log4j system properly.
log4j:WARN See http://logging.apache.org/log4j/1.2/faq.html#noconfig for more info.
]]></system-err>
  </testcase>
  <testcase name="loginRequest" classname="step_definations.VitaMojoAPITest" time="2.029">
    <system-out><![CDATA[Response Body{"payload":{"token":{"value":"eyJhbGciOiJSUzI1NiIsInR5cCI6IkpXVCJ9.eyJ1c2VyIjp7InV1aWQiOiJmNWUyNjdmYS1jYzdlLTQwNmUtOTczNC1lNTA2Y2VmYjRjNjYiLCJzdG9yZVVVSUQiOiJjZWQ0ODkxNy01NGMyLTQwYWQtYTY0Ni01MzE1ZjVkY2IyOGYiLCJ0ZW5hbnRVVUlEIjoiNjk1YTE0ODYtODBlNy00ZWU2LWJjNTUtZjQ5MTE5NDRlZjJhIiwiZW1haWwiOiJzZWxlbml1bS5zcnRlc3RlcmpKQGdtYWlsLmNvbSIsImFjdGl2ZSI6dHJ1ZSwiY3JlYXRlZEF0IjoiMjAyMy0wNy0xNVQwNTo1NToxMy4wMDBaIiwidXBkYXRlZEF0IjpudWxsLCJyb2xlIjp7InV1aWQiOiIyMDI1ZWUyMy1kNzI0LTRmMmEtYTBhYy03MGE4OTRmZTNmZTgiLCJyYW5rIjo5OSwic2x1ZyI6ImN1c3RvbWVyIiwiZGlzcGxheU5hbWUiOiJDdXN0b21lciIsImRlc2NyaXB0aW9uIjoiT25saW5lIEN1c3RvbWVyIiwicGVybWlzc2lvbnMiOlsiY2FuLmFjY2Vzcy50aWxsTGF5b3V0Il19LCJwcm9maWxlIjp7ImZpcnN0TmFtZSI6IkdhdXJhdiIsInBob25lIjpudWxsLCJhaXJzaGlwQ29udGFjdElEIjpudWxsLCJhY3Rlb2xNZW1iZXJOdW1iZXIiOm51bGwsImFjdGVvbEN0Y0lkIjpudWxsLCJtZW1iZXJOdW1iZXIiOm51bGwsImlzQ29uZmlybWVkIjpmYWxzZSwiaW52b2ljZVBheW1lbnQiOmZhbHNlLCJwdXNoTm90aWZpY2F0aW9uRW5hYmxlZCI6ZmFsc2UsInB1c2hOb3RpZmljYXRpb25Ub2tlbiI6bnVsbH0sImFsbG93ZWRTdG9yZXMiOltdLCJsb2NhbGUiOiJlbi1HQiIsImhhc0xpbmtlZENvbW9BY2NvdW50IjpmYWxzZSwiaW50ZWdyYXRpb25zIjp7fX0sImlhdCI6MTY4OTQwMDUxNSwiZXhwIjoxNjg5NDAxMTE1fQ.KrkFDxbuYjcJtio8yqpEr-cklWOYP7NE3sSLAah69oCAGRzq96ZMTMCeJ-ZwjJCmHySVk4zdWLF6ezXs0TK6kcDnvYhdwKNLjh7W5HKCgC2rnMpm6M6i6OcWx4fIZYc1N07FLk6FGtXDJwVsbGhbUuplf5M8k9HQ_M5tRNq1ef_QbYsTmvdN3xpN2cuPBPUIXz8cSmrs7gj02YH7TumSR9aZ9WDuAg9ds0vZrObQyDGg_Zyq1224Tje5BAOPJiYlD6k6QOUOQcs2J5ReXNQW5QQXAkvVfgVN4-ln7KSs0Q_i8VA0aixIJ3labfJIW6A8VvJvN6AzUf6JZscMY_f9dw","refresh":"m-xPrt5PhiuaRWt-oIzcAn19oR9QBg-eghKLnHBGY_mOmeC39IR_p001x-QvXewoBF9vqXKy1EbeMMlFFs8OHtVEFKgtD4toHC7RcUXNjg097Zd4CqZ_KZ7rhLLMTb0jtWLMO1bnYgoH5JR5YgPxZ8u5qzKvwTZJuHT0KgIwBjT8ODvfij5U7CMWy57w6xhkbyOKpgeD"},"user":{"uuid":"f5e267fa-cc7e-406e-9734-e506cefb4c66","storeUUID":"ced48917-54c2-40ad-a646-5315f5dcb28f","tenantUUID":"695a1486-80e7-4ee6-bc55-f4911944ef2a","email":"selenium.srtesterjJ@gmail.com","active":true,"createdAt":"2023-07-15T05:55:13.000Z","updatedAt":null,"role":{"uuid":"2025ee23-d724-4f2a-a0ac-70a894fe3fe8","rank":99,"slug":"customer","displayName":"Customer","description":"Online Customer","permissions":["can.access.tillLayout"]},"profile":{"firstName":"Gaurav","phone":null,"airshipContactID":null,"acteolMemberNumber":null,"acteolCtcId":null,"memberNumber":null,"isConfirmed":false,"invoicePayment":false,"pushNotificationEnabled":false,"pushNotificationToken":null},"allowedStores":[],"locale":"en-GB","hasLinkedComoAccount":false,"integrations":{}}}}
Response Code201
]]></system-out>
  </testcase>
</testsuite>